2023-06-06 18:02:47,991 [ERROR] LogOutputStream:75 - [STDERR_REDIRECT] 
2023-06-06 20:26:12,486 [INFO] Activator:176 - 


2023-06-06 20:26:12,489 [INFO] Activator:177 - !SESSION log4j initialized
2023-06-06 20:26:18,484 [ERROR] LogOutputStream:75 - [STDERR_REDIRECT] Jun 06, 2023 8:26:18 PM org.glassfish.grizzly.http.server.NetworkListener start
2023-06-06 20:26:18,486 [ERROR] LogOutputStream:75 - [STDERR_REDIRECT] INFO: Started listener bound to [localhost:1597]
2023-06-06 20:26:18,487 [ERROR] LogOutputStream:75 - [STDERR_REDIRECT] 
2023-06-06 20:26:18,489 [ERROR] LogOutputStream:75 - [STDERR_REDIRECT] Jun 06, 2023 8:26:18 PM org.glassfish.grizzly.http.server.HttpServer start
2023-06-06 20:26:18,489 [ERROR] LogOutputStream:75 - [STDERR_REDIRECT] INFO: [HttpServer] Started.
2023-06-06 20:26:18,490 [ERROR] LogOutputStream:75 - [STDERR_REDIRECT] 
2023-06-06 20:26:24,252 [INFO] LogOutputStream:77 - [STDOUT_REDIRECT] 
2023-06-06 20:26:35,065 [ERROR] LogOutputStream:75 - [STDERR_REDIRECT] java.net.URISyntaxException: Illegal character in path at index 23: file:/home/oem/Embedded C/Tatget2/.metadata/.log4j2.xml
2023-06-06 20:26:35,065 [ERROR] LogOutputStream:75 - [STDERR_REDIRECT] 	at java.base/java.net.URI$Parser.fail(URI.java:2913)
2023-06-06 20:26:35,065 [ERROR] LogOutputStream:75 - [STDERR_REDIRECT] 	at java.base/java.net.URI$Parser.checkChars(URI.java:3084)
2023-06-06 20:26:35,066 [ERROR] LogOutputStream:75 - [STDERR_REDIRECT] 	at java.base/java.net.URI$Parser.parseHierarchical(URI.java:3166)
2023-06-06 20:26:35,066 [ERROR] LogOutputStream:75 - [STDERR_REDIRECT] 	at java.base/java.net.URI$Parser.parse(URI.java:3114)
2023-06-06 20:26:35,066 [ERROR] LogOutputStream:75 - [STDERR_REDIRECT] 	at java.base/java.net.URI.<init>(URI.java:600)
2023-06-06 20:26:35,067 [ERROR] LogOutputStream:75 - [STDERR_REDIRECT] 	at java.base/java.net.URL.toURI(URL.java:1061)
2023-06-06 20:26:35,067 [ERROR] LogOutputStream:75 - [STDERR_REDIRECT] 	at com.st.stm32cube.common.mx.core.CubeMxInstance.getInstance(CubeMxInstance.java:81)
2023-06-06 20:26:35,067 [ERROR] LogOutputStream:75 - [STDERR_REDIRECT] 	at com.st.stm32cube.common.mx.editor.CubeMxEditor.createPartControl(CubeMxEditor.java:1042)
2023-06-06 20:26:35,068 [ERROR] LogOutputStream:75 - [STDERR_REDIRECT] 	at org.eclipse.ui.internal.e4.compatibility.CompatibilityPart.createPartControl(CompatibilityPart.java:158)
2023-06-06 20:26:35,068 [ERROR] LogOutputStream:75 - [STDERR_REDIRECT] 	at org.eclipse.ui.internal.e4.compatibility.CompatibilityEditor.createPartControl(CompatibilityEditor.java:96)
2023-06-06 20:26:35,068 [ERROR] LogOutputStream:75 - [STDERR_REDIRECT] 	at org.eclipse.ui.internal.e4.compatibility.CompatibilityPart.create(CompatibilityPart.java:365)
2023-06-06 20:26:35,068 [ERROR] LogOutputStream:75 - [STDERR_REDIRECT] 	at java.base/jdk.internal.reflect.NativeMethodAccessorImpl.invoke0(Native Method)
2023-06-06 20:26:35,068 [ERROR] LogOutputStream:75 - [STDERR_REDIRECT] 	at java.base/jdk.internal.reflect.NativeMethodAccessorImpl.invoke(NativeMethodAccessorImpl.java:62)
2023-06-06 20:26:35,069 [ERROR] LogOutputStream:75 - [STDERR_REDIRECT] 	at java.base/jdk.internal.reflect.DelegatingMethodAccessorImpl.invoke(DelegatingMethodAccessorImpl.java:43)
2023-06-06 20:26:35,069 [ERROR] LogOutputStream:75 - [STDERR_REDIRECT] 	at java.base/java.lang.reflect.Method.invoke(Method.java:566)
2023-06-06 20:26:35,069 [ERROR] LogOutputStream:75 - [STDERR_REDIRECT] 	at org.eclipse.e4.core.internal.di.MethodRequestor.execute(MethodRequestor.java:58)
2023-06-06 20:26:35,069 [ERROR] LogOutputStream:75 - [STDERR_REDIRECT] 	at org.eclipse.e4.core.internal.di.InjectorImpl.processAnnotated(InjectorImpl.java:995)
2023-06-06 20:26:35,070 [ERROR] LogOutputStream:75 - [STDERR_REDIRECT] 	at org.eclipse.e4.core.internal.di.InjectorImpl.processAnnotated(InjectorImpl.java:960)
2023-06-06 20:26:35,070 [ERROR] LogOutputStream:75 - [STDERR_REDIRECT] 	at org.eclipse.e4.core.internal.di.InjectorImpl.internalInject(InjectorImpl.java:140)
2023-06-06 20:26:35,070 [ERROR] LogOutputStream:75 - [STDERR_REDIRECT] 	at org.eclipse.e4.core.internal.di.InjectorImpl.internalMake(InjectorImpl.java:403)
2023-06-06 20:26:35,071 [ERROR] LogOutputStream:75 - [STDERR_REDIRECT] 	at org.eclipse.e4.core.internal.di.InjectorImpl.make(InjectorImpl.java:330)
2023-06-06 20:26:35,071 [ERROR] LogOutputStream:75 - [STDERR_REDIRECT] 	at org.eclipse.e4.core.contexts.ContextInjectionFactory.make(ContextInjectionFactory.java:202)
2023-06-06 20:26:35,071 [ERROR] LogOutputStream:75 - [STDERR_REDIRECT] 	at org.eclipse.e4.ui.internal.workbench.ReflectionContributionFactory.createFromBundle(ReflectionContributionFactory.java:91)
2023-06-06 20:26:35,072 [ERROR] LogOutputStream:75 - [STDERR_REDIRECT] 	at org.eclipse.e4.ui.internal.workbench.ReflectionContributionFactory.doCreate(ReflectionContributionFactory.java:60)
2023-06-06 20:26:35,072 [ERROR] LogOutputStream:75 - [STDERR_REDIRECT] 	at org.eclipse.e4.ui.internal.workbench.ReflectionContributionFactory.create(ReflectionContributionFactory.java:42)
2023-06-06 20:26:35,072 [ERROR] LogOutputStream:75 - [STDERR_REDIRECT] 	at org.eclipse.e4.ui.workbench.renderers.swt.ContributedPartRenderer.createWidget(ContributedPartRenderer.java:132)
2023-06-06 20:26:35,073 [ERROR] LogOutputStream:75 - [STDERR_REDIRECT] 	at org.eclipse.e4.ui.internal.workbench.swt.PartRenderingEngine.createWidget(PartRenderingEngine.java:995)
2023-06-06 20:26:35,073 [ERROR] LogOutputStream:75 - [STDERR_REDIRECT] 	at org.eclipse.e4.ui.internal.workbench.swt.PartRenderingEngine.safeCreateGui(PartRenderingEngine.java:659)
2023-06-06 20:26:35,073 [ERROR] LogOutputStream:75 - [STDERR_REDIRECT] 	at org.eclipse.e4.ui.internal.workbench.swt.PartRenderingEngine.safeCreateGui(PartRenderingEngine.java:763)
2023-06-06 20:26:35,073 [ERROR] LogOutputStream:75 - [STDERR_REDIRECT] 	at org.eclipse.e4.ui.internal.workbench.swt.PartRenderingEngine$2.run(PartRenderingEngine.java:728)
2023-06-06 20:26:35,074 [ERROR] LogOutputStream:75 - [STDERR_REDIRECT] 	at org.eclipse.core.runtime.SafeRunner.run(SafeRunner.java:45)
2023-06-06 20:26:35,074 [ERROR] LogOutputStream:75 - [STDERR_REDIRECT] 	at org.eclipse.e4.ui.internal.workbench.swt.PartRenderingEngine.createGui(PartRenderingEngine.java:712)
2023-06-06 20:26:35,074 [ERROR] LogOutputStream:75 - [STDERR_REDIRECT] 	at org.eclipse.e4.ui.internal.workbench.PartServiceImpl.lambda$0(PartServiceImpl.java:105)
2023-06-06 20:26:35,074 [ERROR] LogOutputStream:75 - [STDERR_REDIRECT] 	at org.eclipse.e4.ui.services.internal.events.UIEventHandler.lambda$0(UIEventHandler.java:38)
2023-06-06 20:26:35,075 [ERROR] LogOutputStream:75 - [STDERR_REDIRECT] 	at org.eclipse.swt.widgets.Synchronizer.syncExec(Synchronizer.java:236)
2023-06-06 20:26:35,075 [ERROR] LogOutputStream:75 - [STDERR_REDIRECT] 	at org.eclipse.ui.internal.UISynchronizer.syncExec(UISynchronizer.java:133)
2023-06-06 20:26:35,075 [ERROR] LogOutputStream:75 - [STDERR_REDIRECT] 	at org.eclipse.swt.widgets.Display.syncExec(Display.java:6012)
2023-06-06 20:26:35,076 [ERROR] LogOutputStream:75 - [STDERR_REDIRECT] 	at org.eclipse.e4.ui.workbench.swt.DisplayUISynchronize.syncExec(DisplayUISynchronize.java:34)
2023-06-06 20:26:35,076 [ERROR] LogOutputStream:75 - [STDERR_REDIRECT] 	at org.eclipse.e4.ui.services.internal.events.UIEventHandler.handleEvent(UIEventHandler.java:38)
2023-06-06 20:26:35,076 [ERROR] LogOutputStream:75 - [STDERR_REDIRECT] 	at org.eclipse.equinox.internal.event.EventHandlerWrapper.handleEvent(EventHandlerWrapper.java:205)
2023-06-06 20:26:35,077 [ERROR] LogOutputStream:75 - [STDERR_REDIRECT] 	at org.eclipse.equinox.internal.event.EventHandlerTracker.dispatchEvent(EventHandlerTracker.java:203)
2023-06-06 20:26:35,077 [ERROR] LogOutputStream:75 - [STDERR_REDIRECT] 	at org.eclipse.equinox.internal.event.EventHandlerTracker.dispatchEvent(EventHandlerTracker.java:1)
2023-06-06 20:26:35,077 [ERROR] LogOutputStream:75 - [STDERR_REDIRECT] 	at org.eclipse.osgi.framework.eventmgr.EventManager.dispatchEvent(EventManager.java:234)
2023-06-06 20:26:35,077 [ERROR] LogOutputStream:75 - [STDERR_REDIRECT] 	at org.eclipse.osgi.framework.eventmgr.ListenerQueue.dispatchEventSynchronous(ListenerQueue.java:151)
2023-06-06 20:26:35,078 [ERROR] LogOutputStream:75 - [STDERR_REDIRECT] 	at org.eclipse.equinox.internal.event.EventAdminImpl.dispatchEvent(EventAdminImpl.java:133)
2023-06-06 20:26:35,078 [ERROR] LogOutputStream:75 - [STDERR_REDIRECT] 	at org.eclipse.equinox.internal.event.EventAdminImpl.sendEvent(EventAdminImpl.java:75)
2023-06-06 20:26:35,078 [ERROR] LogOutputStream:75 - [STDERR_REDIRECT] 	at org.eclipse.equinox.internal.event.EventComponent.sendEvent(EventComponent.java:44)
2023-06-06 20:26:35,078 [ERROR] LogOutputStream:75 - [STDERR_REDIRECT] 	at org.eclipse.e4.ui.services.internal.events.EventBroker.send(EventBroker.java:55)
2023-06-06 20:26:35,079 [ERROR] LogOutputStream:75 - [STDERR_REDIRECT] 	at org.eclipse.e4.ui.internal.workbench.UIEventPublisher.notifyChanged(UIEventPublisher.java:63)
2023-06-06 20:26:35,079 [ERROR] LogOutputStream:75 - [STDERR_REDIRECT] 	at org.eclipse.emf.common.notify.impl.BasicNotifierImpl.eNotify(BasicNotifierImpl.java:424)
2023-06-06 20:26:35,079 [ERROR] LogOutputStream:75 - [STDERR_REDIRECT] 	at org.eclipse.e4.ui.model.application.ui.impl.ElementContainerImpl.setSelectedElementGen(ElementContainerImpl.java:170)
2023-06-06 20:26:35,080 [ERROR] LogOutputStream:75 - [STDERR_REDIRECT] 	at org.eclipse.e4.ui.model.application.ui.impl.ElementContainerImpl.setSelectedElement(ElementContainerImpl.java:188)
2023-06-06 20:26:35,080 [ERROR] LogOutputStream:75 - [STDERR_REDIRECT] 	at org.eclipse.e4.ui.internal.workbench.ModelServiceImpl.showElementInWindow(ModelServiceImpl.java:660)
2023-06-06 20:26:35,080 [ERROR] LogOutputStream:75 - [STDERR_REDIRECT] 	at org.eclipse.e4.ui.internal.workbench.ModelServiceImpl.bringToTop(ModelServiceImpl.java:624)
2023-06-06 20:26:35,080 [ERROR] LogOutputStream:75 - [STDERR_REDIRECT] 	at org.eclipse.e4.ui.internal.workbench.PartServiceImpl.delegateBringToTop(PartServiceImpl.java:787)
2023-06-06 20:26:35,081 [ERROR] LogOutputStream:75 - [STDERR_REDIRECT] 	at org.eclipse.e4.ui.internal.workbench.PartServiceImpl.bringToTop(PartServiceImpl.java:401)
2023-06-06 20:26:35,081 [ERROR] LogOutputStream:75 - [STDERR_REDIRECT] 	at org.eclipse.e4.ui.internal.workbench.PartServiceImpl.showPart(PartServiceImpl.java:1261)
2023-06-06 20:26:35,081 [ERROR] LogOutputStream:75 - [STDERR_REDIRECT] 	at org.eclipse.ui.internal.WorkbenchPage.busyOpenEditor(WorkbenchPage.java:3207)
2023-06-06 20:26:35,082 [ERROR] LogOutputStream:75 - [STDERR_REDIRECT] 	at org.eclipse.ui.internal.WorkbenchPage.lambda$9(WorkbenchPage.java:3097)
2023-06-06 20:26:35,082 [ERROR] LogOutputStream:75 - [STDERR_REDIRECT] 	at org.eclipse.swt.custom.BusyIndicator.showWhile(BusyIndicator.java:74)
2023-06-06 20:26:35,082 [ERROR] LogOutputStream:75 - [STDERR_REDIRECT] 	at org.eclipse.ui.internal.WorkbenchPage.openEditor(WorkbenchPage.java:3095)
2023-06-06 20:26:35,083 [ERROR] LogOutputStream:75 - [STDERR_REDIRECT] 	at org.eclipse.ui.internal.WorkbenchPage.openEditor(WorkbenchPage.java:3065)
2023-06-06 20:26:35,083 [ERROR] LogOutputStream:75 - [STDERR_REDIRECT] 	at org.eclipse.ui.internal.WorkbenchPage.openEditor(WorkbenchPage.java:3056)
2023-06-06 20:26:35,083 [ERROR] LogOutputStream:75 - [STDERR_REDIRECT] 	at org.eclipse.ui.ide.IDE.openEditor(IDE.java:569)
2023-06-06 20:26:35,083 [ERROR] LogOutputStream:75 - [STDERR_REDIRECT] 	at org.eclipse.ui.ide.IDE.openEditor(IDE.java:524)
2023-06-06 20:26:35,084 [ERROR] LogOutputStream:75 - [STDERR_REDIRECT] 	at org.eclipse.jdt.internal.ui.javaeditor.EditorUtility.openInEditor(EditorUtility.java:367)
2023-06-06 20:26:35,084 [ERROR] LogOutputStream:75 - [STDERR_REDIRECT] 	at org.eclipse.jdt.internal.ui.javaeditor.EditorUtility.openInEditor(EditorUtility.java:172)
2023-06-06 20:26:35,084 [ERROR] LogOutputStream:75 - [STDERR_REDIRECT] 	at org.eclipse.jdt.ui.actions.OpenAction.run(OpenAction.java:288)
2023-06-06 20:26:35,084 [ERROR] LogOutputStream:75 - [STDERR_REDIRECT] 	at org.eclipse.jdt.ui.actions.OpenAction.run(OpenAction.java:254)
2023-06-06 20:26:35,085 [ERROR] LogOutputStream:75 - [STDERR_REDIRECT] 	at org.eclipse.jdt.ui.actions.SelectionDispatchAction.dispatchRun(SelectionDispatchAction.java:274)
2023-06-06 20:26:35,085 [ERROR] LogOutputStream:75 - [STDERR_REDIRECT] 	at org.eclipse.jdt.ui.actions.SelectionDispatchAction.run(SelectionDispatchAction.java:252)
2023-06-06 20:26:35,085 [ERROR] LogOutputStream:75 - [STDERR_REDIRECT] 	at org.eclipse.jdt.internal.ui.navigator.OpenAndExpand.run(OpenAndExpand.java:53)
2023-06-06 20:26:35,086 [ERROR] LogOutputStream:75 - [STDERR_REDIRECT] 	at org.eclipse.ui.actions.RetargetAction.run(RetargetAction.java:215)
2023-06-06 20:26:35,086 [ERROR] LogOutputStream:75 - [STDERR_REDIRECT] 	at org.eclipse.ui.navigator.CommonNavigatorManager$1.open(CommonNavigatorManager.java:183)
2023-06-06 20:26:35,086 [ERROR] LogOutputStream:75 - [STDERR_REDIRECT] 	at org.eclipse.ui.OpenAndLinkWithEditorHelper$InternalListener.open(OpenAndLinkWithEditorHelper.java:48)
2023-06-06 20:26:35,087 [ERROR] LogOutputStream:75 - [STDERR_REDIRECT] 	at org.eclipse.jface.viewers.StructuredViewer$2.run(StructuredViewer.java:800)
2023-06-06 20:26:35,087 [ERROR] LogOutputStream:75 - [STDERR_REDIRECT] 	at org.eclipse.core.runtime.SafeRunner.run(SafeRunner.java:45)
2023-06-06 20:26:35,087 [ERROR] LogOutputStream:75 - [STDERR_REDIRECT] 	at org.eclipse.jface.util.SafeRunnable.run(SafeRunnable.java:174)
2023-06-06 20:26:35,088 [ERROR] LogOutputStream:75 - [STDERR_REDIRECT] 	at org.eclipse.jface.viewers.StructuredViewer.fireOpen(StructuredViewer.java:797)
2023-06-06 20:26:35,088 [ERROR] LogOutputStream:75 - [STDERR_REDIRECT] 	at org.eclipse.jface.viewers.StructuredViewer.handleOpen(StructuredViewer.java:1116)
2023-06-06 20:26:35,088 [ERROR] LogOutputStream:75 - [STDERR_REDIRECT] 	at org.eclipse.ui.navigator.CommonViewer.handleOpen(CommonViewer.java:454)
2023-06-06 20:26:35,089 [ERROR] LogOutputStream:75 - [STDERR_REDIRECT] 	at org.eclipse.jface.util.OpenStrategy.fireOpenEvent(OpenStrategy.java:296)
2023-06-06 20:26:35,089 [ERROR] LogOutputStream:75 - [STDERR_REDIRECT] 	at org.eclipse.jface.util.OpenStrategy$1.handleEvent(OpenStrategy.java:331)
2023-06-06 20:26:35,090 [ERROR] LogOutputStream:75 - [STDERR_REDIRECT] 	at org.eclipse.swt.widgets.EventTable.sendEvent(EventTable.java:89)
2023-06-06 20:26:35,090 [ERROR] LogOutputStream:75 - [STDERR_REDIRECT] 	at org.eclipse.swt.widgets.Display.sendEvent(Display.java:5895)
2023-06-06 20:26:35,090 [ERROR] LogOutputStream:75 - [STDERR_REDIRECT] 	at org.eclipse.swt.widgets.Widget.sendEvent(Widget.java:1520)
2023-06-06 20:26:35,091 [ERROR] LogOutputStream:75 - [STDERR_REDIRECT] 	at org.eclipse.swt.widgets.Display.runDeferredEvents(Display.java:5126)
2023-06-06 20:26:35,091 [ERROR] LogOutputStream:75 - [STDERR_REDIRECT] 	at org.eclipse.swt.widgets.Display.readAndDispatch(Display.java:4581)
2023-06-06 20:26:35,091 [ERROR] LogOutputStream:75 - [STDERR_REDIRECT] 	at org.eclipse.e4.ui.internal.workbench.swt.PartRenderingEngine$5.run(PartRenderingEngine.java:1155)
2023-06-06 20:26:35,092 [ERROR] LogOutputStream:75 - [STDERR_REDIRECT] 	at org.eclipse.core.databinding.observable.Realm.runWithDefault(Realm.java:338)
2023-06-06 20:26:35,092 [ERROR] LogOutputStream:75 - [STDERR_REDIRECT] 	at org.eclipse.e4.ui.internal.workbench.swt.PartRenderingEngine.run(PartRenderingEngine.java:1046)
2023-06-06 20:26:35,092 [ERROR] LogOutputStream:75 - [STDERR_REDIRECT] 	at org.eclipse.e4.ui.internal.workbench.E4Workbench.createAndRunUI(E4Workbench.java:155)
2023-06-06 20:26:35,092 [ERROR] LogOutputStream:75 - [STDERR_REDIRECT] 	at org.eclipse.ui.internal.Workbench.lambda$3(Workbench.java:644)
2023-06-06 20:26:35,093 [ERROR] LogOutputStream:75 - [STDERR_REDIRECT] 	at org.eclipse.core.databinding.observable.Realm.runWithDefault(Realm.java:338)
2023-06-06 20:26:35,093 [ERROR] LogOutputStream:75 - [STDERR_REDIRECT] 	at org.eclipse.ui.internal.Workbench.createAndRunWorkbench(Workbench.java:551)
2023-06-06 20:26:35,093 [ERROR] LogOutputStream:75 - [STDERR_REDIRECT] 	at org.eclipse.ui.PlatformUI.createAndRunWorkbench(PlatformUI.java:156)
2023-06-06 20:26:35,094 [ERROR] LogOutputStream:75 - [STDERR_REDIRECT] 	at org.eclipse.ui.internal.ide.application.IDEApplication.start(IDEApplication.java:152)
2023-06-06 20:26:35,094 [ERROR] LogOutputStream:75 - [STDERR_REDIRECT] 	at org.eclipse.equinox.internal.app.EclipseAppHandle.run(EclipseAppHandle.java:203)
2023-06-06 20:26:35,094 [ERROR] LogOutputStream:75 - [STDERR_REDIRECT] 	at org.eclipse.core.runtime.internal.adaptor.EclipseAppLauncher.runApplication(EclipseAppLauncher.java:136)
2023-06-06 20:26:35,095 [ERROR] LogOutputStream:75 - [STDERR_REDIRECT] 	at org.eclipse.core.runtime.internal.adaptor.EclipseAppLauncher.start(EclipseAppLauncher.java:104)
2023-06-06 20:26:35,095 [ERROR] LogOutputStream:75 - [STDERR_REDIRECT] 	at org.eclipse.core.runtime.adaptor.EclipseStarter.run(EclipseStarter.java:401)
2023-06-06 20:26:35,095 [ERROR] LogOutputStream:75 - [STDERR_REDIRECT] 	at org.eclipse.core.runtime.adaptor.EclipseStarter.run(EclipseStarter.java:255)
2023-06-06 20:26:35,096 [ERROR] LogOutputStream:75 - [STDERR_REDIRECT] 	at java.base/jdk.internal.reflect.NativeMethodAccessorImpl.invoke0(Native Method)
2023-06-06 20:26:35,096 [ERROR] LogOutputStream:75 - [STDERR_REDIRECT] 	at java.base/jdk.internal.reflect.NativeMethodAccessorImpl.invoke(NativeMethodAccessorImpl.java:62)
2023-06-06 20:26:35,096 [ERROR] LogOutputStream:75 - [STDERR_REDIRECT] 	at java.base/jdk.internal.reflect.DelegatingMethodAccessorImpl.invoke(DelegatingMethodAccessorImpl.java:43)
2023-06-06 20:26:35,097 [ERROR] LogOutputStream:75 - [STDERR_REDIRECT] 	at java.base/java.lang.reflect.Method.invoke(Method.java:566)
2023-06-06 20:26:35,097 [ERROR] LogOutputStream:75 - [STDERR_REDIRECT] 	at org.eclipse.equinox.launcher.Main.invokeFramework(Main.java:659)
2023-06-06 20:26:35,097 [ERROR] LogOutputStream:75 - [STDERR_REDIRECT] 	at org.eclipse.equinox.launcher.Main.basicRun(Main.java:596)
2023-06-06 20:26:35,097 [ERROR] LogOutputStream:75 - [STDERR_REDIRECT] 	at org.eclipse.equinox.launcher.Main.run(Main.java:1467)
2023-06-06 20:26:35,097 [ERROR] LogOutputStream:75 - [STDERR_REDIRECT] 	at org.eclipse.equinox.launcher.Main.main(Main.java:1440)
2023-06-06 20:26:40,922 [INFO] LogOutputStream:77 - [STDOUT_REDIRECT] 1 : Invalid condition id : UX_CORESTACK_Condition cause : null
2023-06-06 20:26:40,922 [INFO] LogOutputStream:77 - [STDOUT_REDIRECT] 1 : Invalid condition id : UX_CORESTACK_Condition cause : null
2023-06-06 20:26:40,922 [INFO] LogOutputStream:77 - [STDOUT_REDIRECT] 1 : Invalid condition id : UX_CORESTACK_Condition cause : null
2023-06-06 20:26:40,923 [INFO] LogOutputStream:77 - [STDOUT_REDIRECT] 1 : Invalid condition id : UX_CORESTACK_Condition cause : null
2023-06-06 20:26:40,923 [INFO] LogOutputStream:77 - [STDOUT_REDIRECT] 1 : Invalid condition id : UX_CORESTACK_Condition cause : null
2023-06-06 20:26:43,325 [INFO] LogOutputStream:77 - [STDOUT_REDIRECT] 1 : Invalid condition id : UX_CORESTACK_Condition cause : null
2023-06-06 20:26:43,325 [INFO] LogOutputStream:77 - [STDOUT_REDIRECT] 1 : Invalid condition id : UX_CORESTACK_Condition cause : null
2023-06-06 20:26:43,325 [INFO] LogOutputStream:77 - [STDOUT_REDIRECT] 1 : Invalid condition id : UX_CORESTACK_Condition cause : null
2023-06-06 20:26:43,325 [INFO] LogOutputStream:77 - [STDOUT_REDIRECT] 1 : Invalid condition id : UX_CORESTACK_Condition cause : null
2023-06-06 20:26:43,326 [INFO] LogOutputStream:77 - [STDOUT_REDIRECT] 1 : Invalid condition id : UX_CORESTACK_Condition cause : null
2023-06-06 20:27:09,706 [ERROR] LogOutputStream:75 - [STDERR_REDIRECT] 
